<?xml version="1.0" encoding="UTF-8"?>
<!-- Generated by org.testng.reporters.JUnitXMLReporter -->
<testsuite hostname="AliMun" name="Facebook Friends" tests="1" failures="0" timestamp="16 Apr 2016 04:53:18 GMT" time="0.214" errors="0">
  <testcase name="@BeforeClass openBrowser" time="0.0" classname="com.alimun.keywordframework.FaceBookFriends">
    <failure type="java.lang.NoClassDefFoundError" message="com/relevantcodes/extentreports/LogStatus">
      <![CDATA[java.lang.NoClassDefFoundError: com/relevantcodes/extentreports/LogStatus
	at com.alimun.keywordframework.FaceBookFriends.openBrowser(FaceBookFriends.java:43)
Caused by: java.lang.ClassNotFoundException: com.relevantcodes.extentreports.LogStatus
	at java.net.URLClassLoader.findClass(URLClassLoader.java:381)
	at java.lang.ClassLoader.loadClass(ClassLoader.java:424)
	at sun.misc.Launcher$AppClassLoader.loadClass(Launcher.java:331)
	at java.lang.ClassLoader.loadClass(ClassLoader.java:357)
	... 28 more
... Removed 27 stack frames]]>
    </failure>
  </testcase> <!-- @BeforeClass openBrowser -->
  <testcase name="@AfterClass EndTestNQuitBrow" time="0.0" classname="com.alimun.keywordframework.FaceBookFriends">
    <skipped/>
  </testcase> <!-- @AfterClass EndTestNQuitBrow -->
  <testcase name="faceBook_FriendList" time="0.001" classname="com.alimun.keywordframework.FaceBookFriends">
    <skipped/>
  </testcase> <!-- faceBook_FriendList -->
</testsuite> <!-- Facebook Friends -->
