<?xml version="1.0" encoding="UTF-8"?>
<testng-results skipped="0" failed="0" total="1" passed="1">
  <reporter-output>
  </reporter-output>
  <suite name="Default suite" duration-ms="27827" started-at="2016-04-16T04:41:47Z" finished-at="2016-04-16T04:42:15Z">
    <groups>
    </groups>
    <test name="Default test" duration-ms="27827" started-at="2016-04-16T04:41:47Z" finished-at="2016-04-16T04:42:15Z">
      <class name="com.alimun.keywordframework.AmericanGolfPutterSum">
        <test-method status="PASS" signature="openBrowser()[pri:0, instance:com.alimun.keywordframework.AmericanGolfPutterSum@6debcae2]" name="openBrowser" is-config="true" duration-ms="10905" started-at="2016-04-16T00:41:47Z" finished-at="2016-04-16T00:41:58Z">
          <reporter-output>
          </reporter-output>
        </test-method> <!-- openBrowser -->
        <test-method status="PASS" signature="sumOfGolfPutters()[pri:0, instance:com.alimun.keywordframework.AmericanGolfPutterSum@6debcae2]" name="sumOfGolfPutters" duration-ms="15822" started-at="2016-04-16T00:41:58Z" finished-at="2016-04-16T00:42:14Z">
          <reporter-output>
          </reporter-output>
        </test-method> <!-- sumOfGolfPutters -->
        <test-method status="PASS" signature="EndTestNQuitBrow()[pri:0, instance:com.alimun.keywordframework.AmericanGolfPutterSum@6debcae2]" name="EndTestNQuitBrow" is-config="true" duration-ms="1074" started-at="2016-04-16T00:42:14Z" finished-at="2016-04-16T00:42:15Z">
          <reporter-output>
          </reporter-output>
        </test-method> <!-- EndTestNQuitBrow -->
      </class> <!-- com.alimun.keywordframework.AmericanGolfPutterSum -->
    </test> <!-- Default test -->
  </suite> <!-- Default suite -->
</testng-results>
